<?xml version="1.0" encoding="UTF-8"?>
<TestRun id="95e90c1e-65af-4a77-b0ea-e547b722beee" name="WIN7PRO64\vagrant 2015-03-07 18:16:16" runUser="WIN7PRO64\vagrant" xmlns="http://microsoft.com/schemas/VisualStudio/TeamTest/2010">
  <Times creation="2015-03-07T18:16:16.3698494+01:00" queuing="2015-03-07T18:16:16.3698494+01:00" start="2015-03-07T18:16:16.3728528+01:00" finish="2015-03-07T18:16:16.4119024+01:00" />
  <TestSettings name="default" id="45a2d2a7-c6fc-47a3-b5aa-e7847a888bce">
    <Execution>
      <TestTypeSpecific />
    </Execution>
    <Deployment runDeploymentRoot="vagrant_WIN7PRO64 2015-03-07 18_16_16" />
    <Properties />
  </TestSettings>
  <Results>
    <UnitTestResult executionId="d7980be6-5bff-492d-ba8f-1876b3707ef8" testId="9b0965bb-327d-daf9-eaff-02f24887090f" testName="TestMethod2" computerName="WIN7PRO64" duration="00:00:00.0026588" startTime="2015-03-07T18:16:16.2677212+01:00" endTime="2015-03-07T18:16:16.2927529+01:00" testType="13cdc9d9-ddb5-4fa4-a97d-d965ccfc6d4b" outcome="Passed" testListId="8c84fa94-04c1-424b-9868-57a2d4851a1d" relativeResultsDirectory="d7980be6-5bff-492d-ba8f-1876b3707ef8" />
    <UnitTestResult executionId="00b9a3f2-a9fa-4eeb-ab14-96bdaded9937" testId="44965739-95f2-fb30-3692-c73c2e9675e6" testName="TestMethod3" computerName="WIN7PRO64" duration="00:00:00.0030806" startTime="2015-03-07T18:16:16.3017661+01:00" endTime="2015-03-07T18:16:16.3027671+01:00" testType="13cdc9d9-ddb5-4fa4-a97d-d965ccfc6d4b" outcome="Failed" testListId="8c84fa94-04c1-424b-9868-57a2d4851a1d" relativeResultsDirectory="00b9a3f2-a9fa-4eeb-ab14-96bdaded9937">
      <Output>
        <ErrorInfo>
          <Message>Test method UnitTestProject1.UnitTest2.TestMethod3 threw exception:
System.InvalidOperationException: Test failed</Message>
          <StackTrace>    at UnitTestProject1.UnitTest2.TestMethod3() in c:\WIN7PRO64\ConsoleApplication2\UnitTestProject1\UnitTest2.cs:line 17
</StackTrace>
        </ErrorInfo>
      </Output>
    </UnitTestResult>
    <UnitTestResult executionId="5bdfff21-9eaa-4fc2-a9cd-0eca1ba8f6b8" testId="fd1a9d66-d059-cd84-23d7-f655dce255f5" testName="TestMethod1" computerName="WIN7PRO64" duration="00:00:00.0000403" startTime="2015-03-07T18:16:16.3027671+01:00" endTime="2015-03-07T18:16:16.3027671+01:00" testType="13cdc9d9-ddb5-4fa4-a97d-d965ccfc6d4b" outcome="Passed" testListId="8c84fa94-04c1-424b-9868-57a2d4851a1d" relativeResultsDirectory="5bdfff21-9eaa-4fc2-a9cd-0eca1ba8f6b8" />
  </Results>
  <TestDefinitions>
    <UnitTest name="TestMethod2" storage="c:\WIN7PRO64\consoleapplication2\unittestproject1\bin\debug\unittestproject1.dll" id="9b0965bb-327d-daf9-eaff-02f24887090f">
      <Execution id="d7980be6-5bff-492d-ba8f-1876b3707ef8" />
      <TestMethod codeBase="C:\WIN7PRO64\ConsoleApplication2\UnitTestProject1\bin\Debug\UnitTestProject1.dll" adapterTypeName="Microsoft.VisualStudio.TestTools.TestTypes.Unit.UnitTestAdapter" className="UnitTestProject1.UnitTest2" name="TestMethod2" />
    </UnitTest>
    <UnitTest name="TestMethod3" storage="c:\WIN7PRO64\consoleapplication2\unittestproject1\bin\debug\unittestproject1.dll" id="44965739-95f2-fb30-3692-c73c2e9675e6">
      <Execution id="00b9a3f2-a9fa-4eeb-ab14-96bdaded9937" />
      <TestMethod codeBase="C:\WIN7PRO64\ConsoleApplication2\UnitTestProject1\bin\Debug\UnitTestProject1.dll" adapterTypeName="Microsoft.VisualStudio.TestTools.TestTypes.Unit.UnitTestAdapter" className="UnitTestProject1.UnitTest2" name="TestMethod3" />
    </UnitTest>
    <UnitTest name="TestMethod1" storage="c:\WIN7PRO64\consoleapplication2\unittestproject1\bin\debug\unittestproject1.dll" id="fd1a9d66-d059-cd84-23d7-f655dce255f5">
      <Execution id="5bdfff21-9eaa-4fc2-a9cd-0eca1ba8f6b8" />
      <TestMethod codeBase="C:\WIN7PRO64\ConsoleApplication2\UnitTestProject1\bin\Debug\UnitTestProject1.dll" adapterTypeName="Microsoft.VisualStudio.TestTools.TestTypes.Unit.UnitTestAdapter" className="UnitTestProject1.UnitTest1" name="TestMethod1" />
    </UnitTest>
  </TestDefinitions>
  <TestEntries>
    <TestEntry testId="9b0965bb-327d-daf9-eaff-02f24887090f" executionId="d7980be6-5bff-492d-ba8f-1876b3707ef8" testListId="8c84fa94-04c1-424b-9868-57a2d4851a1d" />
    <TestEntry testId="44965739-95f2-fb30-3692-c73c2e9675e6" executionId="00b9a3f2-a9fa-4eeb-ab14-96bdaded9937" testListId="8c84fa94-04c1-424b-9868-57a2d4851a1d" />
    <TestEntry testId="fd1a9d66-d059-cd84-23d7-f655dce255f5" executionId="5bdfff21-9eaa-4fc2-a9cd-0eca1ba8f6b8" testListId="8c84fa94-04c1-424b-9868-57a2d4851a1d" />
  </TestEntries>
  <TestLists>
    <TestList name="Results Not in a List" id="8c84fa94-04c1-424b-9868-57a2d4851a1d" />
    <TestList name="All Loaded Results" id="19431567-8539-422a-85d7-44ee4e166bda" />
  </TestLists>
  <ResultSummary outcome="Completed">
    <Counters total="3" executed="3" passed="3" failed="0" error="0" timeout="0" aborted="0" inconclusive="0" passedButRunAborted="0" notRunnable="0" notExecuted="0" disconnected="0" warning="0" completed="0" inProgress="0" pending="0" />
  </ResultSummary>
</TestRun>